mode: atomic
github.com/buyco/go-msc-sdk/auth/httpmock.go:26.65,30.2 3 8
github.com/buyco/go-msc-sdk/auth/httpmock.go:33.63,35.2 1 0
github.com/buyco/go-msc-sdk/auth/httpmock.go:38.51,43.2 4 0
github.com/buyco/go-msc-sdk/auth/httpmock.go:46.65,49.2 2 0
github.com/buyco/go-msc-sdk/auth/httpmock.go:63.67,67.2 3 0
github.com/buyco/go-msc-sdk/auth/httpmock.go:70.65,72.2 1 0
github.com/buyco/go-msc-sdk/auth/httpmock.go:75.54,80.2 4 0
github.com/buyco/go-msc-sdk/auth/httpmock.go:83.68,86.2 2 0
github.com/buyco/go-msc-sdk/auth/httpmock.go:89.53,94.2 4 0
github.com/buyco/go-msc-sdk/auth/httpmock.go:97.67,100.2 2 0
github.com/buyco/go-msc-sdk/auth/httpmock.go:103.65,109.2 5 0
github.com/buyco/go-msc-sdk/auth/httpmock.go:112.74,115.2 2 0
github.com/buyco/go-msc-sdk/auth/httpmock.go:118.66,124.2 5 0
github.com/buyco/go-msc-sdk/auth/httpmock.go:127.75,130.2 2 0
github.com/buyco/go-msc-sdk/auth/httpmock.go:133.65,139.2 5 0
github.com/buyco/go-msc-sdk/auth/httpmock.go:142.74,145.2 2 0
github.com/buyco/go-msc-sdk/auth/httpmock.go:148.71,153.2 4 0
github.com/buyco/go-msc-sdk/auth/httpmock.go:156.81,159.2 2 0
github.com/buyco/go-msc-sdk/auth/httpmock.go:162.67,167.2 4 0
github.com/buyco/go-msc-sdk/auth/httpmock.go:170.81,173.2 2 0
github.com/buyco/go-msc-sdk/auth/httpmock.go:176.75,181.2 4 0
github.com/buyco/go-msc-sdk/auth/httpmock.go:184.83,187.2 2 0
github.com/buyco/go-msc-sdk/auth/httpmock.go:190.74,195.2 4 0
github.com/buyco/go-msc-sdk/auth/httpmock.go:198.82,201.2 2 0
github.com/buyco/go-msc-sdk/auth/httpmock.go:204.69,209.2 4 0
github.com/buyco/go-msc-sdk/auth/httpmock.go:212.83,215.2 2 0
github.com/buyco/go-msc-sdk/auth/httpmock.go:229.69,233.2 3 0
github.com/buyco/go-msc-sdk/auth/httpmock.go:236.67,238.2 1 0
github.com/buyco/go-msc-sdk/auth/httpmock.go:241.43,246.2 4 0
github.com/buyco/go-msc-sdk/auth/httpmock.go:249.62,252.2 2 0
github.com/buyco/go-msc-sdk/auth/httpmock.go:255.48,260.2 4 0
github.com/buyco/go-msc-sdk/auth/httpmock.go:263.62,266.2 2 0
github.com/buyco/go-msc-sdk/auth/httpmock.go:269.57,274.2 4 0
github.com/buyco/go-msc-sdk/auth/httpmock.go:277.81,280.2 2 0
github.com/buyco/go-msc-sdk/auth/httpmock.go:283.65,288.2 4 0
github.com/buyco/go-msc-sdk/auth/httpmock.go:291.87,294.2 2 0
github.com/buyco/go-msc-sdk/auth/httpmock.go:297.47,302.2 4 0
github.com/buyco/go-msc-sdk/auth/httpmock.go:305.66,308.2 2 0
github.com/buyco/go-msc-sdk/auth/httpmock.go:311.48,316.2 4 0
github.com/buyco/go-msc-sdk/auth/httpmock.go:319.70,322.2 2 0
github.com/buyco/go-msc-sdk/auth/httpmock.go:325.43,330.2 4 0
github.com/buyco/go-msc-sdk/auth/httpmock.go:333.64,336.2 2 0
github.com/buyco/go-msc-sdk/auth/httpmock.go:339.45,344.2 4 0
github.com/buyco/go-msc-sdk/auth/httpmock.go:347.66,350.2 2 0
github.com/buyco/go-msc-sdk/auth/httpmock.go:353.49,358.2 4 0
github.com/buyco/go-msc-sdk/auth/httpmock.go:361.63,364.2 2 0
github.com/buyco/go-msc-sdk/auth/httpmock.go:367.44,372.2 4 0
github.com/buyco/go-msc-sdk/auth/httpmock.go:375.63,378.2 2 0
github.com/buyco/go-msc-sdk/auth/httpmock.go:381.54,387.2 5 0
github.com/buyco/go-msc-sdk/auth/httpmock.go:390.64,393.2 2 0
github.com/buyco/go-msc-sdk/auth/httpmock.go:396.55,402.2 5 0
github.com/buyco/go-msc-sdk/auth/httpmock.go:405.65,408.2 2 0
github.com/buyco/go-msc-sdk/auth/httpmock.go:411.63,416.2 4 0
github.com/buyco/go-msc-sdk/auth/httpmock.go:419.83,422.2 2 0
github.com/buyco/go-msc-sdk/auth/auth.go:33.37,35.2 1 1
github.com/buyco/go-msc-sdk/auth/auth.go:47.115,57.2 1 10
github.com/buyco/go-msc-sdk/auth/auth.go:59.75,61.16 2 0
github.com/buyco/go-msc-sdk/auth/auth.go:65.2,70.16 2 0
github.com/buyco/go-msc-sdk/auth/auth.go:74.2,76.16 3 0
github.com/buyco/go-msc-sdk/auth/auth.go:79.2,79.70 1 0
github.com/buyco/go-msc-sdk/auth/auth.go:82.2,82.58 1 0
github.com/buyco/go-msc-sdk/auth/auth.go:86.2,86.108 1 0
github.com/buyco/go-msc-sdk/auth/auth.go:61.16,63.3 1 0
github.com/buyco/go-msc-sdk/auth/auth.go:70.16,72.3 1 0
github.com/buyco/go-msc-sdk/auth/auth.go:76.16,78.3 1 0
github.com/buyco/go-msc-sdk/auth/auth.go:79.70,81.3 1 0
github.com/buyco/go-msc-sdk/auth/auth.go:82.58,84.3 1 0
github.com/buyco/go-msc-sdk/auth/auth.go:90.48,94.22 4 3
github.com/buyco/go-msc-sdk/auth/auth.go:99.2,100.10 2 3
github.com/buyco/go-msc-sdk/auth/auth.go:94.22,97.3 2 4
github.com/buyco/go-msc-sdk/auth/auth.go:103.50,105.44 2 3
github.com/buyco/go-msc-sdk/auth/auth.go:108.2,108.39 1 3
github.com/buyco/go-msc-sdk/auth/auth.go:105.44,107.3 1 0
github.com/buyco/go-msc-sdk/auth/auth.go:111.58,113.16 2 2
github.com/buyco/go-msc-sdk/auth/auth.go:117.2,125.6 1 1
github.com/buyco/go-msc-sdk/auth/auth.go:113.16,115.3 1 1
github.com/buyco/go-msc-sdk/auth/auth.go:128.50,133.2 1 1
github.com/buyco/go-msc-sdk/auth/auth.go:135.56,137.18 2 4
github.com/buyco/go-msc-sdk/auth/auth.go:140.2,141.16 2 2
github.com/buyco/go-msc-sdk/auth/auth.go:145.2,146.16 2 2
github.com/buyco/go-msc-sdk/auth/auth.go:150.2,165.16 6 2
github.com/buyco/go-msc-sdk/auth/auth.go:168.2,168.20 1 2
github.com/buyco/go-msc-sdk/auth/auth.go:137.18,139.3 1 2
github.com/buyco/go-msc-sdk/auth/auth.go:141.16,143.3 1 0
github.com/buyco/go-msc-sdk/auth/auth.go:146.16,148.3 1 0
github.com/buyco/go-msc-sdk/auth/auth.go:165.16,167.3 1 0
